<?xml version="1.0" encoding="UTF-8"?>
<!-- Generated by org.testng.reporters.JUnitReportReporter -->
<testsuite hostname="Faheem-Ahmed-Dell" failures="0" tests="2" name="tests.task3.LoginTest" time="12.377" errors="0" timestamp="2024-11-07T00:38:51 PKT" skipped="0">
  <testcase classname="tests.task3.LoginTest" name="invalidLogin" time="4.707"/>
  <testcase classname="tests.task3.LoginTest" name="validLogin" time="7.670"/>
</testsuite> <!-- tests.task3.LoginTest -->
